<?xml version='1.0' encoding='UTF-8'?>
<testsuite hostname="alexy-HP-Pavilion-dv6-Notebook-PC" name="objsets.TweetSetSuite" tests="2" errors="1" failures="0" time="0.138">
                     <properties>
[...]
</properties>
                     <testcase classname="objsets.TweetSetSuite" name="filter: on empty set" time="0.025">
                                                 
                                               </testcase><testcase classname="objsets.TweetSetSuite" name="(It is not a test)" time="0.113">
                                                 <error type="java.lang.StackOverflowError">java.lang.StackOverflowError
	at objsets.Tweet.user(TweetSet.scala:8)
	at objsets.TweetSetSuite$$anonfun$2$$anon$2$$anonfun$9.apply(TweetSetSuite.scala:38)
	at objsets.TweetSetSuite$$anonfun$2$$anon$2$$anonfun$9.apply(TweetSetSuite.scala:38)
	at objsets.NonEmpty.filterAcc(TweetSet.scala:130)
	at objsets.NonEmpty.filterAcc(TweetSet.scala:131)
	at objsets.NonEmpty.filterAcc(TweetSet.scala:131)
	at objsets.NonEmpty.filterAcc(TweetSet.scala:131)
	at objsets.NonEmpty.filterAcc(TweetSet.scala:131)
	at objsets.NonEmpty.filterAcc(TweetSet.scala:131)
	at objsets.NonEmpty.filterAcc(TweetSet.scala:131)
	at objsets.NonEmpty.filterAcc(TweetSet.scala:131)
	at objsets.NonEmpty.filterAcc(TweetSet.scala:131)
	at objsets.NonEmpty.filterAcc(TweetSet.scala:131)
	at objsets.NonEmpty.filterAcc(TweetSet.scala:131)
	at objsets.NonEmpty.filterAcc(TweetSet.scala:131)
	at objsets.NonEmpty.filterAcc(TweetSet.scala:131)
	at objsets.NonEmpty.filterAcc(TweetSet.scala:131)
	at objsets.NonEmpty.filterAcc(TweetSet.scala:131)
	at objsets.NonEmpty.filterAcc(TweetSet.scala:131)
	at objsets.NonEmpty.filterAcc(TweetSet.scala:131)
	at objsets.NonEmpty.filterAcc(TweetSet.scala:131)
	at objsets.NonEmpty.filterAcc(TweetSet.scala:131)
	at objsets.NonEmpty.filterAcc(TweetSet.scala:131)
	at objsets.NonEmpty.filterAcc(TweetSet.scala:131)
	at objsets.NonEmpty.filterAcc(TweetSet.scala:131)
	at objsets.NonEmpty.filterAcc(TweetSet.scala:131)
	at objsets.NonEmpty.filterAcc(TweetSet.scala:131)
	at objsets.NonEmpty.filterAcc(TweetSet.scala:131)
	at objsets.NonEmpty.filterAcc(TweetSet.scala:131)
	at objsets.NonEmpty.filterAcc(TweetSet.scala:131)
	at objsets.NonEmpty.filterAcc(TweetSet.scala:131)
	at objsets.NonEmpty.filterAcc(TweetSet.scala:131)
	at objsets.NonEmpty.filterAcc(TweetSet.scala:131)
	at objsets.NonEmpty.filterAcc(TweetSet.scala:131)
	at objsets.NonEmpty.filterAcc(TweetSet.scala:131)
	at objsets.NonEmpty.filterAcc(TweetSet.scala:131)
	at objsets.NonEmpty.filterAcc(TweetSet.scala:131)
	at objsets.NonEmpty.filterAcc(TweetSet.scala:131)
	at objsets.NonEmpty.filterAcc(TweetSet.scala:131)
	at objsets.NonEmpty.filterAcc(TweetSet.scala:131)
	at objsets.NonEmpty.filterAcc(TweetSet.scala:131)
	at objsets.NonEmpty.filterAcc(TweetSet.scala:131)
	at objsets.NonEmpty.filterAcc(TweetSet.scala:131)
	at objsets.NonEmpty.filterAcc(TweetSet.scala:131)
	at objsets.NonEmpty.filterAcc(TweetSet.scala:131)
	at objsets.NonEmpty.filterAcc(TweetSet.scala:131)
	at objsets.NonEmpty.filterAcc(TweetSet.scala:131)
	at objsets.NonEmpty.filterAcc(TweetSet.scala:131)
	at objsets.NonEmpty.filterAcc(TweetSet.scala:131)
	at objsets.NonEmpty.filterAcc(TweetSet.scala:131)
	at objsets.NonEmpty.filterAcc(TweetSet.scala:131)
	at objsets.NonEmpty.filterAcc(TweetSet.scala:131)
	at objsets.NonEmpty.filterAcc(TweetSet.scala:131)
	at objsets.NonEmpty.filterAcc(TweetSet.scala:131)
	at objsets.NonEmpty.filterAcc(TweetSet.scala:131)
	at objsets.NonEmpty.filterAcc(TweetSet.scala:131)
	at objsets.NonEmpty.filterAcc(TweetSet.scala:131)
	at objsets.NonEmpty.filterAcc(TweetSet.scala:131)
	at objsets.NonEmpty.filterAcc(TweetSet.scala:131)
	at objsets.NonEmpty.filterAcc(TweetSet.scala:131)
	at objsets.NonEmpty.filterAcc(TweetSet.scala:131)
	at objsets.NonEmpty.filterAcc(TweetSet.scala:131)
	at objsets.NonEmpty.filterAcc(TweetSet.scala:131)
	at objsets.NonEmpty.filterAcc(TweetSet.scala:131)
	at objsets.NonEmpty.filterAcc(TweetSet.scala:131)
	at objsets.NonEmpty.filterAcc(TweetSet.scala:131)
	at objsets.NonEmpty.filterAcc(TweetSet.scala:131)
	at objsets.NonEmpty.filterAcc(TweetSet.scala:131)
	at objsets.NonEmpty.filterAcc(TweetSet.scala:131)
	at objsets.NonEmpty.filterAcc(TweetSet.scala:131)
	at objsets.NonEmpty.filterAcc(TweetSet.scala:131)
	at objsets.NonEmpty.filterAcc(TweetSet.scala:131)
	at objsets.NonEmpty.filterAcc(TweetSet.scala:131)
	at objsets.NonEmpty.filterAcc(TweetSet.scala:131)
	at objsets.NonEmpty.filterAcc(TweetSet.scala:131)
	at objsets.NonEmpty.filterAcc(TweetSet.scala:131)
	at objsets.NonEmpty.filterAcc(TweetSet.scala:131)
	at objsets.NonEmpty.filterAcc(TweetSet.scala:131)
	at objsets.NonEmpty.filterAcc(TweetSet.scala:131)
	at objsets.NonEmpty.filterAcc(TweetSet.scala:131)
	at objsets.NonEmpty.filterAcc(TweetSet.scala:131)
	at objsets.NonEmpty.filterAcc(TweetSet.scala:131)
	at objsets.NonEmpty.filterAcc(TweetSet.scala:131)
	at objsets.NonEmpty.filterAcc(TweetSet.scala:131)
	at objsets.NonEmpty.filterAcc(TweetSet.scala:131)
	at objsets.NonEmpty.filterAcc(TweetSet.scala:131)
	at objsets.NonEmpty.filterAcc(TweetSet.scala:131)
	at objsets.NonEmpty.filterAcc(TweetSet.scala:131)
	at objsets.NonEmpty.filterAcc(TweetSet.scala:131)
	at objsets.NonEmpty.filterAcc(TweetSet.scala:131)
	at objsets.NonEmpty.filterAcc(TweetSet.scala:131)
	at objsets.NonEmpty.filterAcc(TweetSet.scala:131)
	at objsets.NonEmpty.filterAcc(TweetSet.scala:131)
	at objsets.NonEmpty.filterAcc(TweetSet.scala:131)
	at objsets.NonEmpty.filterAcc(TweetSet.scala:131)
	at objsets.NonEmpty.filterAcc(TweetSet.scala:131)
	at objsets.NonEmpty.filterAcc(TweetSet.scala:131)
	at objsets.NonEmpty.filterAcc(TweetSet.scala:131)
	at objsets.NonEmpty.filterAcc(TweetSet.scala:131)
	at objsets.NonEmpty.filterAcc(TweetSet.scala:131)
	at objsets.NonEmpty.filterAcc(TweetSet.scala:131)
	at objsets.NonEmpty.filterAcc(TweetSet.scala:131)
	at objsets.NonEmpty.filterAcc(TweetSet.scala:131)
	at objsets.NonEmpty.filterAcc(TweetSet.scala:131)
	at objsets.NonEmpty.filterAcc(TweetSet.scala:131)
	at objsets.NonEmpty.filterAcc(TweetSet.scala:131)
	at objsets.NonEmpty.filterAcc(TweetSet.scala:131)
	at objsets.NonEmpty.filterAcc(TweetSet.scala:131)
	at objsets.NonEmpty.filterAcc(TweetSet.scala:131)
	at objsets.NonEmpty.filterAcc(TweetSet.scala:131)
	at objsets.NonEmpty.filterAcc(TweetSet.scala:131)
	at objsets.NonEmpty.filterAcc(TweetSet.scala:131)
	at objsets.NonEmpty.filterAcc(TweetSet.scala:131)
	at objsets.NonEmpty.filterAcc(TweetSet.scala:131)
	at objsets.NonEmpty.filterAcc(TweetSet.scala:131)
	at objsets.NonEmpty.filterAcc(TweetSet.scala:131)
	at objsets.NonEmpty.filterAcc(TweetSet.scala:131)
	at objsets.NonEmpty.filterAcc(TweetSet.scala:131)
	at objsets.NonEmpty.filterAcc(TweetSet.scala:131)
	at objsets.NonEmpty.filterAcc(TweetSet.scala:131)
	at objsets.NonEmpty.filterAcc(TweetSet.scala:131)
	at objsets.NonEmpty.filterAcc(TweetSet.scala:131)
	at objsets.NonEmpty.filterAcc(TweetSet.scala:131)
	at objsets.NonEmpty.filterAcc(TweetSet.scala:131)
	at objsets.NonEmpty.filterAcc(TweetSet.scala:131)
	at objsets.NonEmpty.filterAcc(TweetSet.scala:131)
	at objsets.NonEmpty.filterAcc(TweetSet.scala:131)
	at objsets.NonEmpty.filterAcc(TweetSet.scala:131)
	at objsets.NonEmpty.filterAcc(TweetSet.scala:131)
	at objsets.NonEmpty.filterAcc(TweetSet.scala:131)
	at objsets.NonEmpty.filterAcc(TweetSet.scala:131)
	at objsets.NonEmpty.filterAcc(TweetSet.scala:131)
	at objsets.NonEmpty.filterAcc(TweetSet.scala:131)
	at objsets.NonEmpty.filterAcc(TweetSet.scala:131)
	at objsets.NonEmpty.filterAcc(TweetSet.scala:131)
	at objsets.NonEmpty.filterAcc(TweetSet.scala:131)
	at objsets.NonEmpty.filterAcc(TweetSet.scala:131)
	at objsets.NonEmpty.filterAcc(TweetSet.scala:131)
	at objsets.NonEmpty.filterAcc(TweetSet.scala:131)
	at objsets.NonEmpty.filterAcc(TweetSet.scala:131)
	at objsets.NonEmpty.filterAcc(TweetSet.scala:131)
	at objsets.NonEmpty.filterAcc(TweetSet.scala:131)
	at objsets.NonEmpty.filterAcc(TweetSet.scala:131)
	at objsets.NonEmpty.filterAcc(TweetSet.scala:131)
	at objsets.NonEmpty.filterAcc(TweetSet.scala:131)
	at objsets.NonEmpty.filterAcc(TweetSet.scala:131)
	at objsets.NonEmpty.filterAcc(TweetSet.scala:131)
	at objsets.NonEmpty.filterAcc(TweetSet.scala:131)
	at objsets.NonEmpty.filterAcc(TweetSet.scala:131)
	at objsets.NonEmpty.filterAcc(TweetSet.scala:131)
	at objsets.NonEmpty.filterAcc(TweetSet.scala:131)
	at objsets.NonEmpty.filterAcc(TweetSet.scala:131)
	at objsets.NonEmpty.filterAcc(TweetSet.scala:131)
	at objsets.NonEmpty.filterAcc(TweetSet.scala:131)
	at objsets.NonEmpty.filterAcc(TweetSet.scala:131)
	at objsets.NonEmpty.filterAcc(TweetSet.scala:131)
	at objsets.NonEmpty.filterAcc(TweetSet.scala:131)
	at objsets.NonEmpty.filterAcc(TweetSet.scala:131)
	at objsets.NonEmpty.filterAcc(TweetSet.scala:131)
	at objsets.NonEmpty.filterAcc(TweetSet.scala:131)
	at objsets.NonEmpty.filterAcc(TweetSet.scala:131)
	at objsets.NonEmpty.filterAcc(TweetSet.scala:131)
	at objsets.NonEmpty.filterAcc(TweetSet.scala:131)
	at objsets.NonEmpty.filterAcc(TweetSet.scala:131)
	at objsets.NonEmpty.filterAcc(TweetSet.scala:131)
	at objsets.NonEmpty.filterAcc(TweetSet.scala:131)
	at objsets.NonEmpty.filterAcc(TweetSet.scala:131)
	at objsets.NonEmpty.filterAcc(TweetSet.scala:131)
	at objsets.NonEmpty.filterAcc(TweetSet.scala:131)
	at objsets.NonEmpty.filterAcc(TweetSet.scala:131)
	at objsets.NonEmpty.filterAcc(TweetSet.scala:131)
	at objsets.NonEmpty.filterAcc(TweetSet.scala:131)
	at objsets.NonEmpty.filterAcc(TweetSet.scala:131)
	at objsets.NonEmpty.filterAcc(TweetSet.scala:131)
	at objsets.NonEmpty.filterAcc(TweetSet.scala:131)
	at objsets.NonEmpty.filterAcc(TweetSet.scala:131)
	at objsets.NonEmpty.filterAcc(TweetSet.scala:131)
	at objsets.NonEmpty.filterAcc(TweetSet.scala:131)
	at objsets.NonEmpty.filterAcc(TweetSet.scala:131)
	at objsets.NonEmpty.filterAcc(TweetSet.scala:131)
	at objsets.NonEmpty.filterAcc(TweetSet.scala:131)
	at objsets.NonEmpty.filterAcc(TweetSet.scala:131)
	at objsets.NonEmpty.filterAcc(TweetSet.scala:131)
	at objsets.NonEmpty.filterAcc(TweetSet.scala:131)
	at objsets.NonEmpty.filterAcc(TweetSet.scala:131)
	at objsets.NonEmpty.filterAcc(TweetSet.scala:131)
	at objsets.NonEmpty.filterAcc(TweetSet.scala:131)
	at objsets.NonEmpty.filterAcc(TweetSet.scala:131)
	at objsets.NonEmpty.filterAcc(TweetSet.scala:131)
	at objsets.NonEmpty.filterAcc(TweetSet.scala:131)
	at objsets.NonEmpty.filterAcc(TweetSet.scala:131)
	at objsets.NonEmpty.filterAcc(TweetSet.scala:131)
	at objsets.NonEmpty.filterAcc(TweetSet.scala:131)
	at objsets.NonEmpty.filterAcc(TweetSet.scala:131)
	at objsets.NonEmpty.filterAcc(TweetSet.scala:131)
	at objsets.NonEmpty.filterAcc(TweetSet.scala:131)
	at objsets.NonEmpty.filterAcc(TweetSet.scala:131)
	at objsets.NonEmpty.filterAcc(TweetSet.scala:131)
	at objsets.NonEmpty.filterAcc(TweetSet.scala:131)
	at objsets.NonEmpty.filterAcc(TweetSet.scala:131)
	at objsets.NonEmpty.filterAcc(TweetSet.scala:131)
	at objsets.NonEmpty.filterAcc(TweetSet.scala:131)
	at objsets.NonEmpty.filterAcc(TweetSet.scala:131)
	at objsets.NonEmpty.filterAcc(TweetSet.scala:131)
	at objsets.NonEmpty.filterAcc(TweetSet.scala:131)
	at objsets.NonEmpty.filterAcc(TweetSet.scala:131)
	at objsets.NonEmpty.filterAcc(TweetSet.scala:131)
	at objsets.NonEmpty.filterAcc(TweetSet.scala:131)
	at objsets.NonEmpty.filterAcc(TweetSet.scala:131)
	at objsets.NonEmpty.filterAcc(TweetSet.scala:131)
	at objsets.NonEmpty.filterAcc(TweetSet.scala:131)
	at objsets.NonEmpty.filterAcc(TweetSet.scala:131)
	at objsets.NonEmpty.filterAcc(TweetSet.scala:131)
	at objsets.NonEmpty.filterAcc(TweetSet.scala:131)
	at objsets.NonEmpty.filterAcc(TweetSet.scala:131)
	at objsets.NonEmpty.filterAcc(TweetSet.scala:131)
	at objsets.NonEmpty.filterAcc(TweetSet.scala:131)
	at objsets.NonEmpty.filterAcc(TweetSet.scala:131)
	at objsets.NonEmpty.filterAcc(TweetSet.scala:131)
	at objsets.NonEmpty.filterAcc(TweetSet.scala:131)
	at objsets.NonEmpty.filterAcc(TweetSet.scala:131)
	at objsets.NonEmpty.filterAcc(TweetSet.scala:131)
	at objsets.NonEmpty.filterAcc(TweetSet.scala:131)
	at objsets.NonEmpty.filterAcc(TweetSet.scala:131)
	at objsets.NonEmpty.filterAcc(TweetSet.scala:131)
	at objsets.NonEmpty.filterAcc(TweetSet.scala:131)
	at objsets.NonEmpty.filterAcc(TweetSet.scala:131)
	at objsets.NonEmpty.filterAcc(TweetSet.scala:131)
	at objsets.NonEmpty.filterAcc(TweetSet.scala:131)
	at objsets.NonEmpty.filterAcc(TweetSet.scala:131)
	at objsets.NonEmpty.filterAcc(TweetSet.scala:131)
	at objsets.NonEmpty.filterAcc(TweetSet.scala:131)
	at objsets.NonEmpty.filterAcc(TweetSet.scala:131)
	at objsets.NonEmpty.filterAcc(TweetSet.scala:131)
	at objsets.NonEmpty.filterAcc(TweetSet.scala:131)
	at objsets.NonEmpty.filterAcc(TweetSet.scala:131)
	at objsets.NonEmpty.filterAcc(TweetSet.scala:131)
	at objsets.NonEmpty.filterAcc(TweetSet.scala:131)
	at objsets.NonEmpty.filterAcc(TweetSet.scala:131)
	at objsets.NonEmpty.filterAcc(TweetSet.scala:131)
	at objsets.NonEmpty.filterAcc(TweetSet.scala:131)
	at objsets.NonEmpty.filterAcc(TweetSet.scala:131)
	at objsets.NonEmpty.filterAcc(TweetSet.scala:131)
	at objsets.NonEmpty.filterAcc(TweetSet.scala:131)
	at objsets.NonEmpty.filterAcc(TweetSet.scala:131)
	at objsets.NonEmpty.filterAcc(TweetSet.scala:131)
	at objsets.NonEmpty.filterAcc(TweetSet.scala:131)
	at objsets.NonEmpty.filterAcc(TweetSet.scala:131)
	at objsets.NonEmpty.filterAcc(TweetSet.scala:131)
	at objsets.NonEmpty.filterAcc(TweetSet.scala:131)
	at objsets.NonEmpty.filterAcc(TweetSet.scala:131)
	at objsets.NonEmpty.filterAcc(TweetSet.scala:131)
	at objsets.NonEmpty.filterAcc(TweetSet.scala:131)
	at objsets.NonEmpty.filterAcc(TweetSet.scala:131)
	at objsets.NonEmpty.filterAcc(TweetSet.scala:131)
	at objsets.NonEmpty.filterAcc(TweetSet.scala:131)
	at objsets.NonEmpty.filterAcc(TweetSet.scala:131)
	at objsets.NonEmpty.filterAcc(TweetSet.scala:131)
	at objsets.NonEmpty.filterAcc(TweetSet.scala:131)
	at objsets.NonEmpty.filterAcc(TweetSet.scala:131)
	at objsets.NonEmpty.filterAcc(TweetSet.scala:131)
	at objsets.NonEmpty.filterAcc(TweetSet.scala:131)
	at objsets.NonEmpty.filterAcc(TweetSet.scala:131)
	at objsets.NonEmpty.filterAcc(TweetSet.scala:131)
	at objsets.NonEmpty.filterAcc(TweetSet.scala:131)
	at objsets.NonEmpty.filterAcc(TweetSet.scala:131)
	at objsets.NonEmpty.filterAcc(TweetSet.scala:131)
	at objsets.NonEmpty.filterAcc(TweetSet.scala:131)
	at objsets.NonEmpty.filterAcc(TweetSet.scala:131)
	at objsets.NonEmpty.filterAcc(TweetSet.scala:131)
	at objsets.NonEmpty.filterAcc(TweetSet.scala:131)
	at objsets.NonEmpty.filterAcc(TweetSet.scala:131)
	at objsets.NonEmpty.filterAcc(TweetSet.scala:131)
	at objsets.NonEmpty.filterAcc(TweetSet.scala:131)
	at objsets.NonEmpty.filterAcc(TweetSet.scala:131)
	at objsets.NonEmpty.filterAcc(TweetSet.scala:131)
	at objsets.NonEmpty.filterAcc(TweetSet.scala:131)
	at objsets.NonEmpty.filterAcc(TweetSet.scala:131)
	at objsets.NonEmpty.filterAcc(TweetSet.scala:131)
	at objsets.NonEmpty.filterAcc(TweetSet.scala:131)
	at objsets.NonEmpty.filterAcc(TweetSet.scala:131)
	at objsets.NonEmpty.filterAcc(TweetSet.scala:131)
	at objsets.NonEmpty.filterAcc(TweetSet.scala:131)
	at objsets.NonEmpty.filterAcc(TweetSet.scala:131)
	at objsets.NonEmpty.filterAcc(TweetSet.scala:131)
	at objsets.NonEmpty.filterAcc(TweetSet.scala:131)
	at objsets.NonEmpty.filterAcc(TweetSet.scala:131)
	at objsets.NonEmpty.filterAcc(TweetSet.scala:131)
	at objsets.NonEmpty.filterAcc(TweetSet.scala:131)
	at objsets.NonEmpty.filterAcc(TweetSet.scala:131)
	at objsets.NonEmpty.filterAcc(TweetSet.scala:131)
	at objsets.NonEmpty.filterAcc(TweetSet.scala:131)
	at objsets.NonEmpty.filterAcc(TweetSet.scala:131)
	at objsets.NonEmpty.filterAcc(TweetSet.scala:131)
	at objsets.NonEmpty.filterAcc(TweetSet.scala:131)
	at objsets.NonEmpty.filterAcc(TweetSet.scala:131)
	at objsets.NonEmpty.filterAcc(TweetSet.scala:131)
	at objsets.NonEmpty.filterAcc(TweetSet.scala:131)
	at objsets.NonEmpty.filterAcc(TweetSet.scala:131)
	at objsets.NonEmpty.filterAcc(TweetSet.scala:131)
	at objsets.NonEmpty.filterAcc(TweetSet.scala:131)
	at objsets.NonEmpty.filterAcc(TweetSet.scala:131)
	at objsets.NonEmpty.filterAcc(TweetSet.scala:131)
	at objsets.NonEmpty.filterAcc(TweetSet.scala:131)
	at objsets.NonEmpty.filterAcc(TweetSet.scala:131)
	at objsets.NonEmpty.filterAcc(TweetSet.scala:131)
	at objsets.NonEmpty.filterAcc(TweetSet.scala:131)
	at objsets.NonEmpty.filterAcc(TweetSet.scala:131)
	at objsets.NonEmpty.filterAcc(TweetSet.scala:131)
	at objsets.NonEmpty.filterAcc(TweetSet.scala:131)
	at objsets.NonEmpty.filterAcc(TweetSet.scala:131)
	at objsets.NonEmpty.filterAcc(TweetSet.scala:131)
	at objsets.NonEmpty.filterAcc(TweetSet.scala:131)
	at objsets.NonEmpty.filterAcc(TweetSet.scala:131)
	at objsets.NonEmpty.filterAcc(TweetSet.scala:131)
	at objsets.NonEmpty.filterAcc(TweetSet.scala:131)
	at objsets.NonEmpty.filterAcc(TweetSet.scala:131)
	at objsets.NonEmpty.filterAcc(TweetSet.scala:131)
	at objsets.NonEmpty.filterAcc(TweetSet.scala:131)
	at objsets.NonEmpty.filterAcc(TweetSet.scala:131)
	at objsets.NonEmpty.filterAcc(TweetSet.scala:131)
	at objsets.NonEmpty.filterAcc(TweetSet.scala:131)
	at objsets.NonEmpty.filterAcc(TweetSet.scala:131)
	at objsets.NonEmpty.filterAcc(TweetSet.scala:131)
	at objsets.NonEmpty.filterAcc(TweetSet.scala:131)
	at objsets.NonEmpty.filterAcc(TweetSet.scala:131)
	at objsets.NonEmpty.filterAcc(TweetSet.scala:131)
	at objsets.NonEmpty.filterAcc(TweetSet.scala:131)
	at objsets.NonEmpty.filterAcc(TweetSet.scala:131)
	at objsets.NonEmpty.filterAcc(TweetSet.scala:131)
	at objsets.NonEmpty.filterAcc(TweetSet.scala:131)
	at objsets.NonEmpty.filterAcc(TweetSet.scala:131)
	at objsets.NonEmpty.filterAcc(TweetSet.scala:131)
	at objsets.NonEmpty.filterAcc(TweetSet.scala:131)
	at objsets.NonEmpty.filterAcc(TweetSet.scala:131)
	at objsets.NonEmpty.filterAcc(TweetSet.scala:131)
	at objsets.NonEmpty.filterAcc(TweetSet.scala:131)
	at objsets.NonEmpty.filterAcc(TweetSet.scala:131)
	at objsets.NonEmpty.filterAcc(TweetSet.scala:131)
	at objsets.NonEmpty.filterAcc(TweetSet.scala:131)
	at objsets.NonEmpty.filterAcc(TweetSet.scala:131)
	at objsets.NonEmpty.filterAcc(TweetSet.scala:131)
	at objsets.NonEmpty.filterAcc(TweetSet.scala:131)
	at objsets.NonEmpty.filterAcc(TweetSet.scala:131)
	at objsets.NonEmpty.filterAcc(TweetSet.scala:131)
	at objsets.NonEmpty.filterAcc(TweetSet.scala:131)
	at objsets.NonEmpty.filterAcc(TweetSet.scala:131)
	at objsets.NonEmpty.filterAcc(TweetSet.scala:131)
	at objsets.NonEmpty.filterAcc(TweetSet.scala:131)
	at objsets.NonEmpty.filterAcc(TweetSet.scala:131)
	at objsets.NonEmpty.filterAcc(TweetSet.scala:131)
	at objsets.NonEmpty.filterAcc(TweetSet.scala:131)
	at objsets.NonEmpty.filterAcc(TweetSet.scala:131)
	at objsets.NonEmpty.filterAcc(TweetSet.scala:131)
	at objsets.NonEmpty.filterAcc(TweetSet.scala:131)
	at objsets.NonEmpty.filterAcc(TweetSet.scala:131)
	at objsets.NonEmpty.filterAcc(TweetSet.scala:131)
	at objsets.NonEmpty.filterAcc(TweetSet.scala:131)
	at objsets.NonEmpty.filterAcc(TweetSet.scala:131)
	at objsets.NonEmpty.filterAcc(TweetSet.scala:131)
	at objsets.NonEmpty.filterAcc(TweetSet.scala:131)
	at objsets.NonEmpty.filterAcc(TweetSet.scala:131)
	at objsets.NonEmpty.filterAcc(TweetSet.scala:131)
	at objsets.NonEmpty.filterAcc(TweetSet.scala:131)
	at objsets.NonEmpty.filterAcc(TweetSet.scala:131)
	at objsets.NonEmpty.filterAcc(TweetSet.scala:131)
	at objsets.NonEmpty.filterAcc(TweetSet.scala:131)
	at objsets.NonEmpty.filterAcc(TweetSet.scala:131)
	at objsets.NonEmpty.filterAcc(TweetSet.scala:131)
	at objsets.NonEmpty.filterAcc(TweetSet.scala:131)
	at objsets.NonEmpty.filterAcc(TweetSet.scala:131)
	at objsets.NonEmpty.filterAcc(TweetSet.scala:131)
	at objsets.NonEmpty.filterAcc(TweetSet.scala:131)
	at objsets.NonEmpty.filterAcc(TweetSet.scala:131)
	at objsets.NonEmpty.filterAcc(TweetSet.scala:131)
	at objsets.NonEmpty.filterAcc(TweetSet.scala:131)
	at objsets.NonEmpty.filterAcc(TweetSet.scala:131)
	at objsets.NonEmpty.filterAcc(TweetSet.scala:131)
	at objsets.NonEmpty.filterAcc(TweetSet.scala:131)
	at objsets.NonEmpty.filterAcc(TweetSet.scala:131)
	at objsets.NonEmpty.filterAcc(TweetSet.scala:131)
	at objsets.NonEmpty.filterAcc(TweetSet.scala:131)
	at objsets.NonEmpty.filterAcc(TweetSet.scala:131)
	at objsets.NonEmpty.filterAcc(TweetSet.scala:131)
	at objsets.NonEmpty.filterAcc(TweetSet.scala:131)
	at objsets.NonEmpty.filterAcc(TweetSet.scala:131)
	at objsets.NonEmpty.filterAcc(TweetSet.scala:131)
	at objsets.NonEmpty.filterAcc(TweetSet.scala:131)
	at objsets.NonEmpty.filterAcc(TweetSet.scala:131)
	at objsets.NonEmpty.filterAcc(TweetSet.scala:131)
	at objsets.NonEmpty.filterAcc(TweetSet.scala:131)
	at objsets.NonEmpty.filterAcc(TweetSet.scala:131)
	at objsets.NonEmpty.filterAcc(TweetSet.scala:131)
	at objsets.NonEmpty.filterAcc(TweetSet.scala:131)
	at objsets.NonEmpty.filterAcc(TweetSet.scala:131)
	at objsets.NonEmpty.filterAcc(TweetSet.scala:131)
	at objsets.NonEmpty.filterAcc(TweetSet.scala:131)
	at objsets.NonEmpty.filterAcc(TweetSet.scala:131)
	at objsets.NonEmpty.filterAcc(TweetSet.scala:131)
	at objsets.NonEmpty.filterAcc(TweetSet.scala:131)
	at objsets.NonEmpty.filterAcc(TweetSet.scala:131)
	at objsets.NonEmpty.filterAcc(TweetSet.scala:131)
	at objsets.NonEmpty.filterAcc(TweetSet.scala:131)
	at objsets.NonEmpty.filterAcc(TweetSet.scala:131)
	at objsets.NonEmpty.filterAcc(TweetSet.scala:131)
	at objsets.NonEmpty.filterAcc(TweetSet.scala:131)
	at objsets.NonEmpty.filterAcc(TweetSet.scala:131)
	at objsets.NonEmpty.filterAcc(TweetSet.scala:131)
	at objsets.NonEmpty.filterAcc(TweetSet.scala:131)
	at objsets.NonEmpty.filterAcc(TweetSet.scala:131)
	at objsets.NonEmpty.filterAcc(TweetSet.scala:131)
	at objsets.NonEmpty.filterAcc(TweetSet.scala:131)
	at objsets.NonEmpty.filterAcc(TweetSet.scala:131)
	at objsets.NonEmpty.filterAcc(TweetSet.scala:131)
	at objsets.NonEmpty.filterAcc(TweetSet.scala:131)
	at objsets.NonEmpty.filterAcc(TweetSet.scala:131)
	at objsets.NonEmpty.filterAcc(TweetSet.scala:131)
	at objsets.NonEmpty.filterAcc(TweetSet.scala:131)
	at objsets.NonEmpty.filterAcc(TweetSet.scala:131)
	at objsets.NonEmpty.filterAcc(TweetSet.scala:131)
	at objsets.NonEmpty.filterAcc(TweetSet.scala:131)
	at objsets.NonEmpty.filterAcc(TweetSet.scala:131)
	at objsets.NonEmpty.filterAcc(TweetSet.scala:131)
	at objsets.NonEmpty.filterAcc(TweetSet.scala:131)
	at objsets.NonEmpty.filterAcc(TweetSet.scala:131)
	at objsets.NonEmpty.filterAcc(TweetSet.scala:131)
	at objsets.NonEmpty.filterAcc(TweetSet.scala:131)
	at objsets.NonEmpty.filterAcc(TweetSet.scala:131)
	at objsets.NonEmpty.filterAcc(TweetSet.scala:131)
	at objsets.NonEmpty.filterAcc(TweetSet.scala:131)
	at objsets.NonEmpty.filterAcc(TweetSet.scala:131)
	at objsets.NonEmpty.filterAcc(TweetSet.scala:131)
	at objsets.NonEmpty.filterAcc(TweetSet.scala:131)
	at objsets.NonEmpty.filterAcc(TweetSet.scala:131)
	at objsets.NonEmpty.filterAcc(TweetSet.scala:131)
	at objsets.NonEmpty.filterAcc(TweetSet.scala:131)
	at objsets.NonEmpty.filterAcc(TweetSet.scala:131)
	at objsets.NonEmpty.filterAcc(TweetSet.scala:131)
	at objsets.NonEmpty.filterAcc(TweetSet.scala:131)
	at objsets.NonEmpty.filterAcc(TweetSet.scala:131)
	at objsets.NonEmpty.filterAcc(TweetSet.scala:131)
	at objsets.NonEmpty.filterAcc(TweetSet.scala:131)
	at objsets.NonEmpty.filterAcc(TweetSet.scala:131)
	at objsets.NonEmpty.filterAcc(TweetSet.scala:131)
	at objsets.NonEmpty.filterAcc(TweetSet.scala:131)
	at objsets.NonEmpty.filterAcc(TweetSet.scala:131)
	at objsets.NonEmpty.filterAcc(TweetSet.scala:131)
	at objsets.NonEmpty.filterAcc(TweetSet.scala:131)
	at objsets.NonEmpty.filterAcc(TweetSet.scala:131)
	at objsets.NonEmpty.filterAcc(TweetSet.scala:131)
	at objsets.NonEmpty.filterAcc(TweetSet.scala:131)
	at objsets.NonEmpty.filterAcc(TweetSet.scala:131)
	at objsets.NonEmpty.filterAcc(TweetSet.scala:131)
	at objsets.NonEmpty.filterAcc(TweetSet.scala:131)
	at objsets.NonEmpty.filterAcc(TweetSet.scala:131)
	at objsets.NonEmpty.filterAcc(TweetSet.scala:131)
	at objsets.NonEmpty.filterAcc(TweetSet.scala:131)
	at objsets.NonEmpty.filterAcc(TweetSet.scala:131)
	at objsets.NonEmpty.filterAcc(TweetSet.scala:131)
	at objsets.NonEmpty.filterAcc(TweetSet.scala:131)
	at objsets.NonEmpty.filterAcc(TweetSet.scala:131)
	at objsets.NonEmpty.filterAcc(TweetSet.scala:131)
	at objsets.NonEmpty.filterAcc(TweetSet.scala:131)
	at objsets.NonEmpty.filterAcc(TweetSet.scala:131)
	at objsets.NonEmpty.filterAcc(TweetSet.scala:131)
	at objsets.NonEmpty.filterAcc(TweetSet.scala:131)
	at objsets.NonEmpty.filterAcc(TweetSet.scala:131)
	at objsets.NonEmpty.filterAcc(TweetSet.scala:131)
	at objsets.NonEmpty.filterAcc(TweetSet.scala:131)
	at objsets.NonEmpty.filterAcc(TweetSet.scala:131)
	at objsets.NonEmpty.filterAcc(TweetSet.scala:131)
	at objsets.NonEmpty.filterAcc(TweetSet.scala:131)
	at objsets.NonEmpty.filterAcc(TweetSet.scala:131)
	at objsets.NonEmpty.filterAcc(TweetSet.scala:131)
	at objsets.NonEmpty.filterAcc(TweetSet.scala:131)
	at objsets.NonEmpty.filterAcc(TweetSet.scala:131)
	at objsets.NonEmpty.filterAcc(TweetSet.scala:131)
	at objsets.NonEmpty.filterAcc(TweetSet.scala:131)
	at objsets.NonEmpty.filterAcc(TweetSet.scala:131)
	at objsets.NonEmpty.filterAcc(TweetSet.scala:131)
	at objsets.NonEmpty.filterAcc(TweetSet.scala:131)
	at objsets.NonEmpty.filterAcc(TweetSet.scala:131)
	at objsets.NonEmpty.filterAcc(TweetSet.scala:131)
	at objsets.NonEmpty.filterAcc(TweetSet.scala:131)
	at objsets.NonEmpty.filterAcc(TweetSet.scala:131)
	at objsets.NonEmpty.filterAcc(TweetSet.scala:131)
	at objsets.NonEmpty.filterAcc(TweetSet.scala:131)
	at objsets.NonEmpty.filterAcc(TweetSet.scala:131)
	at objsets.NonEmpty.filterAcc(TweetSet.scala:131)
	at objsets.NonEmpty.filterAcc(TweetSet.scala:131)
	at objsets.NonEmpty.filterAcc(TweetSet.scala:131)
	at objsets.NonEmpty.filterAcc(TweetSet.scala:131)
	at objsets.NonEmpty.filterAcc(TweetSet.scala:131)
	at objsets.NonEmpty.filterAcc(TweetSet.scala:131)
	at objsets.NonEmpty.filterAcc(TweetSet.scala:131)
	at objsets.NonEmpty.filterAcc(TweetSet.scala:131)
	at objsets.NonEmpty.filterAcc(TweetSet.scala:131)
	at objsets.NonEmpty.filterAcc(TweetSet.scala:131)
	at objsets.NonEmpty.filterAcc(TweetSet.scala:131)
	at objsets.NonEmpty.filterAcc(TweetSet.scala:131)
	at objsets.NonEmpty.filterAcc(TweetSet.scala:131)
	at objsets.NonEmpty.filterAcc(TweetSet.scala:131)
	at objsets.NonEmpty.filterAcc(TweetSet.scala:131)
	at objsets.NonEmpty.filterAcc(TweetSet.scala:131)
	at objsets.NonEmpty.filterAcc(TweetSet.scala:131)
	at objsets.NonEmpty.filterAcc(TweetSet.scala:131)
	at objsets.NonEmpty.filterAcc(TweetSet.scala:131)
	at objsets.NonEmpty.filterAcc(TweetSet.scala:131)
	at objsets.NonEmpty.filterAcc(TweetSet.scala:131)
	at objsets.NonEmpty.filterAcc(TweetSet.scala:131)
	at objsets.NonEmpty.filterAcc(TweetSet.scala:131)
	at objsets.NonEmpty.filterAcc(TweetSet.scala:131)
	at objsets.NonEmpty.filterAcc(TweetSet.scala:131)
	at objsets.NonEmpty.filterAcc(TweetSet.scala:131)
	at objsets.NonEmpty.filterAcc(TweetSet.scala:131)
	at objsets.NonEmpty.filterAcc(TweetSet.scala:131)
	at objsets.NonEmpty.filterAcc(TweetSet.scala:131)
	at objsets.NonEmpty.filterAcc(TweetSet.scala:131)
	at objsets.NonEmpty.filterAcc(TweetSet.scala:131)
	at objsets.NonEmpty.filterAcc(TweetSet.scala:131)
	at objsets.NonEmpty.filterAcc(TweetSet.scala:131)
	at objsets.NonEmpty.filterAcc(TweetSet.scala:131)
	at objsets.NonEmpty.filterAcc(TweetSet.scala:131)
	at objsets.NonEmpty.filterAcc(TweetSet.scala:131)
	at objsets.NonEmpty.filterAcc(TweetSet.scala:131)
	at objsets.NonEmpty.filterAcc(TweetSet.scala:131)
	at objsets.NonEmpty.filterAcc(TweetSet.scala:131)
	at objsets.NonEmpty.filterAcc(TweetSet.scala:131)
	at objsets.NonEmpty.filterAcc(TweetSet.scala:131)
	at objsets.NonEmpty.filterAcc(TweetSet.scala:131)
	at objsets.NonEmpty.filterAcc(TweetSet.scala:131)
	at objsets.NonEmpty.filterAcc(TweetSet.scala:131)
	at objsets.NonEmpty.filterAcc(TweetSet.scala:131)
	at objsets.NonEmpty.filterAcc(TweetSet.scala:131)
	at objsets.NonEmpty.filterAcc(TweetSet.scala:131)
	at objsets.NonEmpty.filterAcc(TweetSet.scala:131)
	at objsets.NonEmpty.filterAcc(TweetSet.scala:131)
	at objsets.NonEmpty.filterAcc(TweetSet.scala:131)
	at objsets.NonEmpty.filterAcc(TweetSet.scala:131)
	at objsets.NonEmpty.filterAcc(TweetSet.scala:131)
	at objsets.NonEmpty.filterAcc(TweetSet.scala:131)
	at objsets.NonEmpty.filterAcc(TweetSet.scala:131)
	at objsets.NonEmpty.filterAcc(TweetSet.scala:131)
	at objsets.NonEmpty.filterAcc(TweetSet.scala:131)
	at objsets.NonEmpty.filterAcc(TweetSet.scala:131)
	at objsets.NonEmpty.filterAcc(TweetSet.scala:131)
	at objsets.NonEmpty.filterAcc(TweetSet.scala:131)
	at objsets.NonEmpty.filterAcc(TweetSet.scala:131)
	at objsets.NonEmpty.filterAcc(TweetSet.scala:131)
	at objsets.NonEmpty.filterAcc(TweetSet.scala:131)
	at objsets.NonEmpty.filterAcc(TweetSet.scala:131)
	at objsets.NonEmpty.filterAcc(TweetSet.scala:131)
	at objsets.NonEmpty.filterAcc(TweetSet.scala:131)
	at objsets.NonEmpty.filterAcc(TweetSet.scala:131)
	at objsets.NonEmpty.filterAcc(TweetSet.scala:131)
	at objsets.NonEmpty.filterAcc(TweetSet.scala:131)
	at objsets.NonEmpty.filterAcc(TweetSet.scala:131)
	at objsets.NonEmpty.filterAcc(TweetSet.scala:131)
	at objsets.NonEmpty.filterAcc(TweetSet.scala:131)
	at objsets.NonEmpty.filterAcc(TweetSet.scala:131)
	at objsets.NonEmpty.filterAcc(TweetSet.scala:131)
	at objsets.NonEmpty.filterAcc(TweetSet.scala:131)
	at objsets.NonEmpty.filterAcc(TweetSet.scala:131)
	at objsets.NonEmpty.filterAcc(TweetSet.scala:131)
	at objsets.NonEmpty.filterAcc(TweetSet.scala:131)
	at objsets.NonEmpty.filterAcc(TweetSet.scala:131)
	at objsets.NonEmpty.filterAcc(TweetSet.scala:131)
	at objsets.NonEmpty.filterAcc(TweetSet.scala:131)
	at objsets.NonEmpty.filterAcc(TweetSet.scala:131)
	at objsets.NonEmpty.filterAcc(TweetSet.scala:131)
	at objsets.NonEmpty.filterAcc(TweetSet.scala:131)
	at objsets.NonEmpty.filterAcc(TweetSet.scala:131)
	at objsets.NonEmpty.filterAcc(TweetSet.scala:131)
	at objsets.NonEmpty.filterAcc(TweetSet.scala:131)
	at objsets.NonEmpty.filterAcc(TweetSet.scala:131)
	at objsets.NonEmpty.filterAcc(TweetSet.scala:131)
	at objsets.NonEmpty.filterAcc(TweetSet.scala:131)
	at objsets.NonEmpty.filterAcc(TweetSet.scala:131)
	at objsets.NonEmpty.filterAcc(TweetSet.scala:131)
	at objsets.NonEmpty.filterAcc(TweetSet.scala:131)
	at objsets.NonEmpty.filterAcc(TweetSet.scala:131)
	at objsets.NonEmpty.filterAcc(TweetSet.scala:131)
	at objsets.NonEmpty.filterAcc(TweetSet.scala:131)
	at objsets.NonEmpty.filterAcc(TweetSet.scala:131)
	at objsets.NonEmpty.filterAcc(TweetSet.scala:131)
	at objsets.NonEmpty.filterAcc(TweetSet.scala:131)
	at objsets.NonEmpty.filterAcc(TweetSet.scala:131)
	at objsets.NonEmpty.filterAcc(TweetSet.scala:131)
	at objsets.NonEmpty.filterAcc(TweetSet.scala:131)
	at objsets.NonEmpty.filterAcc(TweetSet.scala:131)
	at objsets.NonEmpty.filterAcc(TweetSet.scala:131)
	at objsets.NonEmpty.filterAcc(TweetSet.scala:131)
	at objsets.NonEmpty.filterAcc(TweetSet.scala:131)
	at objsets.NonEmpty.filterAcc(TweetSet.scala:131)
	at objsets.NonEmpty.filterAcc(TweetSet.scala:131)
	at objsets.NonEmpty.filterAcc(TweetSet.scala:131)
	at objsets.NonEmpty.filterAcc(TweetSet.scala:131)
	at objsets.NonEmpty.filterAcc(TweetSet.scala:131)
	at objsets.NonEmpty.filterAcc(TweetSet.scala:131)
	at objsets.NonEmpty.filterAcc(TweetSet.scala:131)
	at objsets.NonEmpty.filterAcc(TweetSet.scala:131)
	at objsets.NonEmpty.filterAcc(TweetSet.scala:131)
	at objsets.NonEmpty.filterAcc(TweetSet.scala:131)
	at objsets.NonEmpty.filterAcc(TweetSet.scala:131)
	at objsets.NonEmpty.filterAcc(TweetSet.scala:131)
	at objsets.NonEmpty.filterAcc(TweetSet.scala:131)
	at objsets.NonEmpty.filterAcc(TweetSet.scala:131)
	at objsets.NonEmpty.filterAcc(TweetSet.scala:131)
	at objsets.NonEmpty.filterAcc(TweetSet.scala:131)
	at objsets.NonEmpty.filterAcc(TweetSet.scala:131)
	at objsets.NonEmpty.filterAcc(TweetSet.scala:131)
	at objsets.NonEmpty.filterAcc(TweetSet.scala:131)
	at objsets.NonEmpty.filterAcc(TweetSet.scala:131)
	at objsets.NonEmpty.filterAcc(TweetSet.scala:131)
	at objsets.NonEmpty.filterAcc(TweetSet.scala:131)
	at objsets.NonEmpty.filterAcc(TweetSet.scala:131)
	at objsets.NonEmpty.filterAcc(TweetSet.scala:131)
	at objsets.NonEmpty.filterAcc(TweetSet.scala:131)
	at objsets.NonEmpty.filterAcc(TweetSet.scala:131)
	at objsets.NonEmpty.filterAcc(TweetSet.scala:131)
	at objsets.NonEmpty.filterAcc(TweetSet.scala:131)
	at objsets.NonEmpty.filterAcc(TweetSet.scala:131)
	at objsets.NonEmpty.filterAcc(TweetSet.scala:131)
	at objsets.NonEmpty.filterAcc(TweetSet.scala:131)
	at objsets.NonEmpty.filterAcc(TweetSet.scala:131)
	at objsets.NonEmpty.filterAcc(TweetSet.scala:131)
	at objsets.NonEmpty.filterAcc(TweetSet.scala:131)
	at objsets.NonEmpty.filterAcc(TweetSet.scala:131)
	at objsets.NonEmpty.filterAcc(TweetSet.scala:131)
	at objsets.NonEmpty.filterAcc(TweetSet.scala:131)
	at objsets.NonEmpty.filterAcc(TweetSet.scala:131)
	at objsets.NonEmpty.filterAcc(TweetSet.scala:131)
	at objsets.NonEmpty.filterAcc(TweetSet.scala:131)
	at objsets.NonEmpty.filterAcc(TweetSet.scala:131)
	at objsets.NonEmpty.filterAcc(TweetSet.scala:131)
	at objsets.NonEmpty.filterAcc(TweetSet.scala:131)
	at objsets.NonEmpty.filterAcc(TweetSet.scala:131)
	at objsets.NonEmpty.filterAcc(TweetSet.scala:131)
	at objsets.NonEmpty.filterAcc(TweetSet.scala:131)
	at objsets.NonEmpty.filterAcc(TweetSet.scala:131)
	at objsets.NonEmpty.filterAcc(TweetSet.scala:131)
	at objsets.NonEmpty.filterAcc(TweetSet.scala:131)
	at objsets.NonEmpty.filterAcc(TweetSet.scala:131)
	at objsets.NonEmpty.filterAcc(TweetSet.scala:131)
	at objsets.NonEmpty.filterAcc(TweetSet.scala:131)
	at objsets.NonEmpty.filterAcc(TweetSet.scala:131)
	at objsets.NonEmpty.filterAcc(TweetSet.scala:131)
	at objsets.NonEmpty.filterAcc(TweetSet.scala:131)
	at objsets.NonEmpty.filterAcc(TweetSet.scala:131)
	at objsets.NonEmpty.filterAcc(TweetSet.scala:131)
	at objsets.NonEmpty.filterAcc(TweetSet.scala:131)
	at objsets.NonEmpty.filterAcc(TweetSet.scala:131)
	at objsets.NonEmpty.filterAcc(TweetSet.scala:131)
	at objsets.NonEmpty.filterAcc(TweetSet.scala:131)
	at objsets.NonEmpty.filterAcc(TweetSet.scala:131)
	at objsets.NonEmpty.filterAcc(TweetSet.scala:131)
	at objsets.NonEmpty.filterAcc(TweetSet.scala:131)
	at objsets.NonEmpty.filterAcc(TweetSet.scala:131)
	at objsets.NonEmpty.filterAcc(TweetSet.scala:131)
	at objsets.NonEmpty.filterAcc(TweetSet.scala:131)
	at objsets.NonEmpty.filterAcc(TweetSet.scala:131)
	at objsets.NonEmpty.filterAcc(TweetSet.scala:131)
	at objsets.NonEmpty.filterAcc(TweetSet.scala:131)
	at objsets.NonEmpty.filterAcc(TweetSet.scala:131)
	at objsets.NonEmpty.filterAcc(TweetSet.scala:131)
	at objsets.NonEmpty.filterAcc(TweetSet.scala:131)
	at objsets.NonEmpty.filterAcc(TweetSet.scala:131)
	at objsets.NonEmpty.filterAcc(TweetSet.scala:131)
	at objsets.NonEmpty.filterAcc(TweetSet.scala:131)
	at objsets.NonEmpty.filterAcc(TweetSet.scala:131)
	at objsets.NonEmpty.filterAcc(TweetSet.scala:131)
	at objsets.NonEmpty.filterAcc(TweetSet.scala:131)
	at objsets.NonEmpty.filterAcc(TweetSet.scala:131)
	at objsets.NonEmpty.filterAcc(TweetSet.scala:131)
	at objsets.NonEmpty.filterAcc(TweetSet.scala:131)
	at objsets.NonEmpty.filterAcc(TweetSet.scala:131)
	at objsets.NonEmpty.filterAcc(TweetSet.scala:131)
	at objsets.NonEmpty.filterAcc(TweetSet.scala:131)
	at objsets.NonEmpty.filterAcc(TweetSet.scala:131)
	at objsets.NonEmpty.filterAcc(TweetSet.scala:131)
	at objsets.NonEmpty.filterAcc(TweetSet.scala:131)
	at objsets.NonEmpty.filterAcc(TweetSet.scala:131)
	at objsets.NonEmpty.filterAcc(TweetSet.scala:131)
	at objsets.NonEmpty.filterAcc(TweetSet.scala:131)
	at objsets.NonEmpty.filterAcc(TweetSet.scala:131)
	at objsets.NonEmpty.filterAcc(TweetSet.scala:131)
	at objsets.NonEmpty.filterAcc(TweetSet.scala:131)
	at objsets.NonEmpty.filterAcc(TweetSet.scala:131)
	at objsets.NonEmpty.filterAcc(TweetSet.scala:131)
	at objsets.NonEmpty.filterAcc(TweetSet.scala:131)
	at objsets.NonEmpty.filterAcc(TweetSet.scala:131)
	at objsets.NonEmpty.filterAcc(TweetSet.scala:131)
	at objsets.NonEmpty.filterAcc(TweetSet.scala:131)
	at objsets.NonEmpty.filterAcc(TweetSet.scala:131)
	at objsets.NonEmpty.filterAcc(TweetSet.scala:131)
	at objsets.NonEmpty.filterAcc(TweetSet.scala:131)
	at objsets.NonEmpty.filterAcc(TweetSet.scala:131)
	at objsets.NonEmpty.filterAcc(TweetSet.scala:131)
	at objsets.NonEmpty.filterAcc(TweetSet.scala:131)
	at objsets.NonEmpty.filterAcc(TweetSet.scala:131)
	at objsets.NonEmpty.filterAcc(TweetSet.scala:131)
	at objsets.NonEmpty.filterAcc(TweetSet.scala:131)
	at objsets.NonEmpty.filterAcc(TweetSet.scala:131)
	at objsets.NonEmpty.filterAcc(TweetSet.scala:131)
	at objsets.NonEmpty.filterAcc(TweetSet.scala:131)
	at objsets.NonEmpty.filterAcc(TweetSet.scala:131)
	at objsets.NonEmpty.filterAcc(TweetSet.scala:131)
	at objsets.NonEmpty.filterAcc(TweetSet.scala:131)
	at objsets.NonEmpty.filterAcc(TweetSet.scala:131)
	at objsets.NonEmpty.filterAcc(TweetSet.scala:131)
	at objsets.NonEmpty.filterAcc(TweetSet.scala:131)
	at objsets.NonEmpty.filterAcc(TweetSet.scala:131)
	at objsets.NonEmpty.filterAcc(TweetSet.scala:131)
	at objsets.NonEmpty.filterAcc(TweetSet.scala:131)
	at objsets.NonEmpty.filterAcc(TweetSet.scala:131)
	at objsets.NonEmpty.filterAcc(TweetSet.scala:131)
	at objsets.NonEmpty.filterAcc(TweetSet.scala:131)
	at objsets.NonEmpty.filterAcc(TweetSet.scala:131)
	at objsets.NonEmpty.filterAcc(TweetSet.scala:131)
	at objsets.NonEmpty.filterAcc(TweetSet.scala:131)
	at objsets.NonEmpty.filterAcc(TweetSet.scala:131)
	at objsets.NonEmpty.filterAcc(TweetSet.scala:131)
	at objsets.NonEmpty.filterAcc(TweetSet.scala:131)
	at objsets.NonEmpty.filterAcc(TweetSet.scala:131)
	at objsets.NonEmpty.filterAcc(TweetSet.scala:131)
	at objsets.NonEmpty.filterAcc(TweetSet.scala:131)
	at objsets.NonEmpty.filterAcc(TweetSet.scala:131)
	at objsets.NonEmpty.filterAcc(TweetSet.scala:131)
	at objsets.NonEmpty.filterAcc(TweetSet.scala:131)
	at objsets.NonEmpty.filterAcc(TweetSet.scala:131)
	at objsets.NonEmpty.filterAcc(TweetSet.scala:131)
	at objsets.NonEmpty.filterAcc(TweetSet.scala:131)
	at objsets.NonEmpty.filterAcc(TweetSet.scala:131)
	at objsets.NonEmpty.filterAcc(TweetSet.scala:131)
	at objsets.NonEmpty.filterAcc(TweetSet.scala:131)
	at objsets.NonEmpty.filterAcc(TweetSet.scala:131)
	at objsets.NonEmpty.filterAcc(TweetSet.scala:131)
	at objsets.NonEmpty.filterAcc(TweetSet.scala:131)
	at objsets.NonEmpty.filterAcc(TweetSet.scala:131)
	at objsets.NonEmpty.filterAcc(TweetSet.scala:131)
	at objsets.NonEmpty.filterAcc(TweetSet.scala:131)
	at objsets.NonEmpty.filterAcc(TweetSet.scala:131)
	at objsets.NonEmpty.filterAcc(TweetSet.scala:131)
	at objsets.NonEmpty.filterAcc(TweetSet.scala:131)
	at objsets.NonEmpty.filterAcc(TweetSet.scala:131)
	at objsets.NonEmpty.filterAcc(TweetSet.scala:131)
	at objsets.NonEmpty.filterAcc(TweetSet.scala:131)
	at objsets.NonEmpty.filterAcc(TweetSet.scala:131)
	at objsets.NonEmpty.filterAcc(TweetSet.scala:131)
	at objsets.NonEmpty.filterAcc(TweetSet.scala:131)
	at objsets.NonEmpty.filterAcc(TweetSet.scala:131)
	at objsets.NonEmpty.filterAcc(TweetSet.scala:131)
	at objsets.NonEmpty.filterAcc(TweetSet.scala:131)
	at objsets.NonEmpty.filterAcc(TweetSet.scala:131)
	at objsets.NonEmpty.filterAcc(TweetSet.scala:131)
	at objsets.NonEmpty.filterAcc(TweetSet.scala:131)
	at objsets.NonEmpty.filterAcc(TweetSet.scala:131)
	at objsets.NonEmpty.filterAcc(TweetSet.scala:131)
	at objsets.NonEmpty.filterAcc(TweetSet.scala:131)
	at objsets.NonEmpty.filterAcc(TweetSet.scala:131)
	at objsets.NonEmpty.filterAcc(TweetSet.scala:131)
	at objsets.NonEmpty.filterAcc(TweetSet.scala:131)
	at objsets.NonEmpty.filterAcc(TweetSet.scala:131)
	at objsets.NonEmpty.filterAcc(TweetSet.scala:131)
	at objsets.NonEmpty.filterAcc(TweetSet.scala:131)
	at objsets.NonEmpty.filterAcc(TweetSet.scala:131)
	at objsets.NonEmpty.filterAcc(TweetSet.scala:131)
	at objsets.NonEmpty.filterAcc(TweetSet.scala:131)
	at objsets.NonEmpty.filterAcc(TweetSet.scala:131)
	at objsets.NonEmpty.filterAcc(TweetSet.scala:131)
	at objsets.NonEmpty.filterAcc(TweetSet.scala:131)
	at objsets.NonEmpty.filterAcc(TweetSet.scala:131)
	at objsets.NonEmpty.filterAcc(TweetSet.scala:131)
	at objsets.NonEmpty.filterAcc(TweetSet.scala:131)
	at objsets.NonEmpty.filterAcc(TweetSet.scala:131)
	at objsets.NonEmpty.filterAcc(TweetSet.scala:131)
	at objsets.NonEmpty.filterAcc(TweetSet.scala:131)
	at objsets.NonEmpty.filterAcc(TweetSet.scala:131)
	at objsets.NonEmpty.filterAcc(TweetSet.scala:131)
	at objsets.NonEmpty.filterAcc(TweetSet.scala:131)
	at objsets.NonEmpty.filterAcc(TweetSet.scala:131)
	at objsets.NonEmpty.filterAcc(TweetSet.scala:131)
	at objsets.NonEmpty.filterAcc(TweetSet.scala:131)
	at objsets.NonEmpty.filterAcc(TweetSet.scala:131)
	at objsets.NonEmpty.filterAcc(TweetSet.scala:131)
	at objsets.NonEmpty.filterAcc(TweetSet.scala:131)
	at objsets.NonEmpty.filterAcc(TweetSet.scala:131)
	at objsets.NonEmpty.filterAcc(TweetSet.scala:131)
	at objsets.NonEmpty.filterAcc(TweetSet.scala:131)
	at objsets.NonEmpty.filterAcc(TweetSet.scala:131)
	at objsets.NonEmpty.filterAcc(TweetSet.scala:131)
	at objsets.NonEmpty.filterAcc(TweetSet.scala:131)
	at objsets.NonEmpty.filterAcc(TweetSet.scala:131)
	at objsets.NonEmpty.filterAcc(TweetSet.scala:131)
	at objsets.NonEmpty.filterAcc(TweetSet.scala:131)
	at objsets.NonEmpty.filterAcc(TweetSet.scala:131)
	at objsets.NonEmpty.filterAcc(TweetSet.scala:131)
	at objsets.NonEmpty.filterAcc(TweetSet.scala:131)
	at objsets.NonEmpty.filterAcc(TweetSet.scala:131)
	at objsets.NonEmpty.filterAcc(TweetSet.scala:131)
	at objsets.NonEmpty.filterAcc(TweetSet.scala:131)
	at objsets.NonEmpty.filterAcc(TweetSet.scala:131)
	at objsets.NonEmpty.filterAcc(TweetSet.scala:131)
	at objsets.NonEmpty.filterAcc(TweetSet.scala:131)
	at objsets.NonEmpty.filterAcc(TweetSet.scala:131)
	at objsets.NonEmpty.filterAcc(TweetSet.scala:131)
	at objsets.NonEmpty.filterAcc(TweetSet.scala:131)
	at objsets.NonEmpty.filterAcc(TweetSet.scala:131)
	at objsets.NonEmpty.filterAcc(TweetSet.scala:131)
	at objsets.NonEmpty.filterAcc(TweetSet.scala:131)
	at objsets.NonEmpty.filterAcc(TweetSet.scala:131)
	at objsets.NonEmpty.filterAcc(TweetSet.scala:131)
	at objsets.NonEmpty.filterAcc(TweetSet.scala:131)
	at objsets.NonEmpty.filterAcc(TweetSet.scala:131)
	at objsets.NonEmpty.filterAcc(TweetSet.scala:131)
	at objsets.NonEmpty.filterAcc(TweetSet.scala:131)
	at objsets.NonEmpty.filterAcc(TweetSet.scala:131)
	at objsets.NonEmpty.filterAcc(TweetSet.scala:131)
	at objsets.NonEmpty.filterAcc(TweetSet.scala:131)
	at objsets.NonEmpty.filterAcc(TweetSet.scala:131)
	at objsets.NonEmpty.filterAcc(TweetSet.scala:131)
	at objsets.NonEmpty.filterAcc(TweetSet.scala:131)
	at objsets.NonEmpty.filterAcc(TweetSet.scala:131)
	at objsets.NonEmpty.filterAcc(TweetSet.scala:131)
	at objsets.NonEmpty.filterAcc(TweetSet.scala:131)
	at objsets.NonEmpty.filterAcc(TweetSet.scala:131)
	at objsets.NonEmpty.filterAcc(TweetSet.scala:131)
	at objsets.NonEmpty.filterAcc(TweetSet.scala:131)
	at objsets.NonEmpty.filterAcc(TweetSet.scala:131)
	at objsets.NonEmpty.filterAcc(TweetSet.scala:131)
	at objsets.NonEmpty.filterAcc(TweetSet.scala:131)
	at objsets.NonEmpty.filterAcc(TweetSet.scala:131)
	at objsets.NonEmpty.filterAcc(TweetSet.scala:131)
	at objsets.NonEmpty.filterAcc(TweetSet.scala:131)
	at objsets.NonEmpty.filterAcc(TweetSet.scala:131)
	at objsets.NonEmpty.filterAcc(TweetSet.scala:131)
	at objsets.NonEmpty.filterAcc(TweetSet.scala:131)
	at objsets.NonEmpty.filterAcc(TweetSet.scala:131)
	at objsets.NonEmpty.filterAcc(TweetSet.scala:131)
	at objsets.NonEmpty.filterAcc(TweetSet.scala:131)
	at objsets.NonEmpty.filterAcc(TweetSet.scala:131)
	at objsets.NonEmpty.filterAcc(TweetSet.scala:131)
	at objsets.NonEmpty.filterAcc(TweetSet.scala:131)
	at objsets.NonEmpty.filterAcc(TweetSet.scala:131)
	at objsets.NonEmpty.filterAcc(TweetSet.scala:131)
	at objsets.NonEmpty.filterAcc(TweetSet.scala:131)
	at objsets.NonEmpty.filterAcc(TweetSet.scala:131)
	at objsets.NonEmpty.filterAcc(TweetSet.scala:131)
	at objsets.NonEmpty.filterAcc(TweetSet.scala:131)
	at objsets.NonEmpty.filterAcc(TweetSet.scala:131)
	at objsets.NonEmpty.filterAcc(TweetSet.scala:131)
	at objsets.NonEmpty.filterAcc(TweetSet.scala:131)
	at objsets.NonEmpty.filterAcc(TweetSet.scala:131)
	at objsets.NonEmpty.filterAcc(TweetSet.scala:131)
	at objsets.NonEmpty.filterAcc(TweetSet.scala:131)
	at objsets.NonEmpty.filterAcc(TweetSet.scala:131)
	at objsets.NonEmpty.filterAcc(TweetSet.scala:131)
	at objsets.NonEmpty.filterAcc(TweetSet.scala:131)
	at objsets.NonEmpty.filterAcc(TweetSet.scala:131)
	at objsets.NonEmpty.filterAcc(TweetSet.scala:131)
	at objsets.NonEmpty.filterAcc(TweetSet.scala:131)
	at objsets.NonEmpty.filterAcc(TweetSet.scala:131)
	at objsets.NonEmpty.filterAcc(TweetSet.scala:131)
	at objsets.NonEmpty.filterAcc(TweetSet.scala:131)
	at objsets.NonEmpty.filterAcc(TweetSet.scala:131)
	at objsets.NonEmpty.filterAcc(TweetSet.scala:131)
	at objsets.NonEmpty.filterAcc(TweetSet.scala:131)
	at objsets.NonEmpty.filterAcc(TweetSet.scala:131)
	at objsets.NonEmpty.filterAcc(TweetSet.scala:131)
	at objsets.NonEmpty.filterAcc(TweetSet.scala:131)
	at objsets.NonEmpty.filterAcc(TweetSet.scala:131)
	at objsets.NonEmpty.filterAcc(TweetSet.scala:131)
	at objsets.NonEmpty.filterAcc(TweetSet.scala:131)
	at objsets.NonEmpty.filterAcc(TweetSet.scala:131)
	at objsets.NonEmpty.filterAcc(TweetSet.scala:131)
	at objsets.NonEmpty.filterAcc(TweetSet.scala:131)
	at objsets.NonEmpty.filterAcc(TweetSet.scala:131)
	at objsets.NonEmpty.filterAcc(TweetSet.scala:131)
	at objsets.NonEmpty.filterAcc(TweetSet.scala:131)
	at objsets.NonEmpty.filterAcc(TweetSet.scala:131)
	at objsets.NonEmpty.filterAcc(TweetSet.scala:131)
	at objsets.NonEmpty.filterAcc(TweetSet.scala:131)
	at objsets.NonEmpty.filterAcc(TweetSet.scala:131)
	at objsets.NonEmpty.filterAcc(TweetSet.scala:131)
	at objsets.NonEmpty.filterAcc(TweetSet.scala:131)
	at objsets.NonEmpty.filterAcc(TweetSet.scala:131)
	at objsets.NonEmpty.filterAcc(TweetSet.scala:131)
	at objsets.NonEmpty.filterAcc(TweetSet.scala:131)
	at objsets.NonEmpty.filterAcc(TweetSet.scala:131)
	at objsets.NonEmpty.filterAcc(TweetSet.scala:131)
	at objsets.NonEmpty.filterAcc(TweetSet.scala:131)
	at objsets.NonEmpty.filterAcc(TweetSet.scala:131)
	at objsets.NonEmpty.filterAcc(TweetSet.scala:131)
	at objsets.NonEmpty.filterAcc(TweetSet.scala:131)
	at objsets.NonEmpty.filterAcc(TweetSet.scala:131)
	at objsets.NonEmpty.filterAcc(TweetSet.scala:131)
	at objsets.NonEmpty.filterAcc(TweetSet.scala:131)
	at objsets.NonEmpty.filterAcc(TweetSet.scala:131)
	at objsets.NonEmpty.filterAcc(TweetSet.scala:131)
	at objsets.NonEmpty.filterAcc(TweetSet.scala:131)
	at objsets.NonEmpty.filterAcc(TweetSet.scala:131)
	at objsets.NonEmpty.filterAcc(TweetSet.scala:131)
	at objsets.NonEmpty.filterAcc(TweetSet.scala:131)
	at objsets.NonEmpty.filterAcc(TweetSet.scala:131)
	at objsets.NonEmpty.filterAcc(TweetSet.scala:131)
	at objsets.NonEmpty.filterAcc(TweetSet.scala:131)
	at objsets.NonEmpty.filterAcc(TweetSet.scala:131)
	at objsets.NonEmpty.filterAcc(TweetSet.scala:131)
	at objsets.NonEmpty.filterAcc(TweetSet.scala:131)
	at objsets.NonEmpty.filterAcc(TweetSet.scala:131)
	at objsets.NonEmpty.filterAcc(TweetSet.scala:131)
	at objsets.NonEmpty.filterAcc(TweetSet.scala:131)
	at objsets.NonEmpty.filterAcc(TweetSet.scala:131)
	at objsets.NonEmpty.filterAcc(TweetSet.scala:131)
	at objsets.NonEmpty.filterAcc(TweetSet.scala:131)
	at objsets.NonEmpty.filterAcc(TweetSet.scala:131)
	at objsets.NonEmpty.filterAcc(TweetSet.scala:131)
	at objsets.NonEmpty.filterAcc(TweetSet.scala:131)
	at objsets.NonEmpty.filterAcc(TweetSet.scala:131)
	at objsets.NonEmpty.filterAcc(TweetSet.scala:131)
	at objsets.NonEmpty.filterAcc(TweetSet.scala:131)
	at objsets.NonEmpty.filterAcc(TweetSet.scala:131)
	at objsets.NonEmpty.filterAcc(TweetSet.scala:131)
	at objsets.NonEmpty.filterAcc(TweetSet.scala:131)
	at objsets.NonEmpty.filterAcc(TweetSet.scala:131)
	at objsets.NonEmpty.filterAcc(TweetSet.scala:131)
	at objsets.NonEmpty.filterAcc(TweetSet.scala:131)
	at objsets.NonEmpty.filterAcc(TweetSet.scala:131)
	at objsets.NonEmpty.filterAcc(TweetSet.scala:131)
	at objsets.NonEmpty.filterAcc(TweetSet.scala:131)
	at objsets.NonEmpty.filterAcc(TweetSet.scala:131)
	at objsets.NonEmpty.filterAcc(TweetSet.scala:131)
	at objsets.NonEmpty.filterAcc(TweetSet.scala:131)
	at objsets.NonEmpty.filterAcc(TweetSet.scala:131)
	at objsets.NonEmpty.filterAcc(TweetSet.scala:131)
	at objsets.NonEmpty.filterAcc(TweetSet.scala:131)
	at objsets.NonEmpty.filterAcc(TweetSet.scala:131)
	at objsets.NonEmpty.filterAcc(TweetSet.scala:131)
	at objsets.NonEmpty.filterAcc(TweetSet.scala:131)
	at objsets.NonEmpty.filterAcc(TweetSet.scala:131)
	at objsets.NonEmpty.filterAcc(TweetSet.scala:131)
	at objsets.NonEmpty.filterAcc(TweetSet.scala:131)
	at objsets.NonEmpty.filterAcc(TweetSet.scala:131)
	at objsets.NonEmpty.filterAcc(TweetSet.scala:131)
	at objsets.NonEmpty.filterAcc(TweetSet.scala:131)
	at objsets.NonEmpty.filterAcc(TweetSet.scala:131)
	at objsets.NonEmpty.filterAcc(TweetSet.scala:131)
	at objsets.NonEmpty.filterAcc(TweetSet.scala:131)
	at objsets.NonEmpty.filterAcc(TweetSet.scala:131)
	at objsets.NonEmpty.filterAcc(TweetSet.scala:131)
	at objsets.NonEmpty.filterAcc(TweetSet.scala:131)
	at objsets.NonEmpty.filterAcc(TweetSet.scala:131)
	at objsets.NonEmpty.filterAcc(TweetSet.scala:131)
	at objsets.NonEmpty.filterAcc(TweetSet.scala:131)
	at objsets.NonEmpty.filterAcc(TweetSet.scala:131)
	at objsets.NonEmpty.filterAcc(TweetSet.scala:131)
	at objsets.NonEmpty.filterAcc(TweetSet.scala:131)
	at objsets.NonEmpty.filterAcc(TweetSet.scala:131)
	at objsets.NonEmpty.filterAcc(TweetSet.scala:131)
	at objsets.NonEmpty.filterAcc(TweetSet.scala:131)
	at objsets.NonEmpty.filterAcc(TweetSet.scala:131)
	at objsets.NonEmpty.filterAcc(TweetSet.scala:131)
	at objsets.NonEmpty.filterAcc(TweetSet.scala:131)
	at objsets.NonEmpty.filterAcc(TweetSet.scala:131)
	at objsets.NonEmpty.filterAcc(TweetSet.scala:131)
	at objsets.NonEmpty.filterAcc(TweetSet.scala:131)
	at objsets.NonEmpty.filterAcc(TweetSet.scala:131)
	at objsets.NonEmpty.filterAcc(TweetSet.scala:131)
	at objsets.NonEmpty.filterAcc(TweetSet.scala:131)
	at objsets.NonEmpty.filterAcc(TweetSet.scala:131)
	at objsets.NonEmpty.filterAcc(TweetSet.scala:131)
	at objsets.NonEmpty.filterAcc(TweetSet.scala:131)
	at objsets.NonEmpty.filterAcc(TweetSet.scala:131)
	at objsets.NonEmpty.filterAcc(TweetSet.scala:131)
	at objsets.NonEmpty.filterAcc(TweetSet.scala:131)
	at objsets.NonEmpty.filterAcc(TweetSet.scala:131)
	at objsets.NonEmpty.filterAcc(TweetSet.scala:131)
	at objsets.NonEmpty.filterAcc(TweetSet.scala:131)
	at objsets.NonEmpty.filterAcc(TweetSet.scala:131)
	at objsets.NonEmpty.filterAcc(TweetSet.scala:131)
	at objsets.NonEmpty.filterAcc(TweetSet.scala:131)
	at objsets.NonEmpty.filterAcc(TweetSet.scala:131)
	at objsets.NonEmpty.filterAcc(TweetSet.scala:131)
	at objsets.NonEmpty.filterAcc(TweetSet.scala:131)
	at objsets.NonEmpty.filterAcc(TweetSet.scala:131)
	at objsets.NonEmpty.filterAcc(TweetSet.scala:131)
	at objsets.NonEmpty.filterAcc(TweetSet.scala:131)
	at objsets.NonEmpty.filterAcc(TweetSet.scala:131)
	at objsets.NonEmpty.filterAcc(TweetSet.scala:131)
	at objsets.NonEmpty.filterAcc(TweetSet.scala:131)
	at objsets.NonEmpty.filterAcc(TweetSet.scala:131)
	at objsets.NonEmpty.filterAcc(TweetSet.scala:131)
	at objsets.NonEmpty.filterAcc(TweetSet.scala:131)
	at objsets.NonEmpty.filterAcc(TweetSet.scala:131)
	at objsets.NonEmpty.filterAcc(TweetSet.scala:131)
	at objsets.NonEmpty.filterAcc(TweetSet.scala:131)
	at objsets.NonEmpty.filterAcc(TweetSet.scala:131)
	at objsets.NonEmpty.filterAcc(TweetSet.scala:131)
	at objsets.NonEmpty.filterAcc(TweetSet.scala:131)
	at objsets.NonEmpty.filterAcc(TweetSet.scala:131)
	at objsets.NonEmpty.filterAcc(TweetSet.scala:131)
	at objsets.NonEmpty.filterAcc(TweetSet.scala:131)
	at objsets.NonEmpty.filterAcc(TweetSet.scala:131)
	at objsets.NonEmpty.filterAcc(TweetSet.scala:131)
	at objsets.NonEmpty.filterAcc(TweetSet.scala:131)
	at objsets.NonEmpty.filterAcc(TweetSet.scala:131)
	at objsets.NonEmpty.filterAcc(TweetSet.scala:131)
	at objsets.NonEmpty.filterAcc(TweetSet.scala:131)
	at objsets.NonEmpty.filterAcc(TweetSet.scala:131)
	at objsets.NonEmpty.filterAcc(TweetSet.scala:131)
	at objsets.NonEmpty.filterAcc(TweetSet.scala:131)
	at objsets.NonEmpty.filterAcc(TweetSet.scala:131)
	at objsets.NonEmpty.filterAcc(TweetSet.scala:131)
	at objsets.NonEmpty.filterAcc(TweetSet.scala:131)
	at objsets.NonEmpty.filterAcc(TweetSet.scala:131)
	at objsets.NonEmpty.filterAcc(TweetSet.scala:131)
	at objsets.NonEmpty.filterAcc(TweetSet.scala:131)
	at objsets.NonEmpty.filterAcc(TweetSet.scala:131)
	at objsets.NonEmpty.filterAcc(TweetSet.scala:131)
	at objsets.NonEmpty.filterAcc(TweetSet.scala:131)
	at objsets.NonEmpty.filterAcc(TweetSet.scala:131)
	at objsets.NonEmpty.filterAcc(TweetSet.scala:131)
	at objsets.NonEmpty.filterAcc(TweetSet.scala:131)
	at objsets.NonEmpty.filterAcc(TweetSet.scala:131)
</error>
                                               </testcase>
                     <system-out></system-out>
                     <system-err></system-err>
                   </testsuite>